\BOOKMARK [0][-]{chapter.1}{Cahier des charges}{}% 1
\BOOKMARK [0][-]{chapter.2}{Introduction}{}% 2
\BOOKMARK [0][-]{chapter.3}{Analyse - \311tat de l'art}{}% 3
\BOOKMARK [1][-]{section.3.1}{Protocoles existants}{chapter.3}% 4
\BOOKMARK [2][-]{subsection.3.1.1}{PGP}{section.3.1}% 5
\BOOKMARK [2][-]{subsection.3.1.2}{PEP}{section.3.1}% 6
\BOOKMARK [2][-]{subsection.3.1.3}{S/MIME}{section.3.1}% 7
\BOOKMARK [1][-]{section.3.2}{Impl\351mentations existantes}{chapter.3}% 8
\BOOKMARK [2][-]{subsection.3.2.1}{Protonmail}{section.3.2}% 9
\BOOKMARK [2][-]{subsection.3.2.2}{Tutanota}{section.3.2}% 10
\BOOKMARK [1][-]{section.3.3}{Attaque existantes}{chapter.3}% 11
\BOOKMARK [2][-]{subsection.3.3.1}{D\351fauts webmail}{section.3.3}% 12
\BOOKMARK [2][-]{subsection.3.3.2}{EFAIL}{section.3.3}% 13
\BOOKMARK [1][-]{section.3.4}{Signal}{chapter.3}% 14
\BOOKMARK [2][-]{subsection.3.4.1}{Fonctionnement}{section.3.4}% 15
\BOOKMARK [2][-]{subsection.3.4.2}{Probl\350mes d'int\351grations}{section.3.4}% 16
\BOOKMARK [1][-]{section.3.5}{Compromis}{chapter.3}% 17
\BOOKMARK [2][-]{subsection.3.5.1}{R\351sultats des recherches}{section.3.5}% 18
\BOOKMARK [1][-]{section.3.6}{Primitives}{chapter.3}% 19
\BOOKMARK [2][-]{subsection.3.6.1}{Primitives analys\351es}{section.3.6}% 20
\BOOKMARK [2][-]{subsection.3.6.2}{Primitive choisie}{section.3.6}% 21
\BOOKMARK [1][-]{section.3.7}{Recherches sur la primitive}{chapter.3}% 22
\BOOKMARK [2][-]{subsection.3.7.1}{Principes math\351matiques}{section.3.7}% 23
\BOOKMARK [2][-]{subsection.3.7.2}{Sch\351mas Certificateless de Chiffrement}{section.3.7}% 24
\BOOKMARK [2][-]{subsection.3.7.3}{D\351tails techniques}{section.3.7}% 25
\BOOKMARK [2][-]{subsection.3.7.4}{Sch\351mas Certificateless de Signature}{section.3.7}% 26
\BOOKMARK [2][-]{subsection.3.7.5}{D\351tails techniques}{section.3.7}% 27
\BOOKMARK [0][-]{chapter.4}{Architecture / Design du protocole}{}% 28
\BOOKMARK [1][-]{section.4.1}{Architecture globale}{chapter.4}% 29
\BOOKMARK [1][-]{section.4.2}{Acteurs}{chapter.4}% 30
\BOOKMARK [1][-]{section.4.3}{Fonctionnement Certificateless PKC}{chapter.4}% 31
\BOOKMARK [2][-]{subsection.4.3.1}{Chiffrement}{section.4.3}% 32
\BOOKMARK [2][-]{subsection.4.3.2}{Signature}{section.4.3}% 33
\BOOKMARK [1][-]{section.4.4}{Design du protocole}{chapter.4}% 34
\BOOKMARK [0][-]{chapter.5}{Impl\351mentation}{}% 35
\BOOKMARK [1][-]{section.5.1}{Choix d'impl\351mentations}{chapter.5}% 36
\BOOKMARK [2][-]{subsection.5.1.1}{Langage}{section.5.1}% 37
\BOOKMARK [2][-]{subsection.5.1.2}{Librairie}{section.5.1}% 38
\BOOKMARK [2][-]{subsection.5.1.3}{Courbe utilis\351e}{section.5.1}% 39
\BOOKMARK [2][-]{subsection.5.1.4}{D\351rivation de la cl\351 AES}{section.5.1}% 40
\BOOKMARK [2][-]{subsection.5.1.5}{Fonctions de hachage - signature}{section.5.1}% 41
\BOOKMARK [2][-]{subsection.5.1.6}{S\351rialisation des donn\351es}{section.5.1}% 42
\BOOKMARK [2][-]{subsection.5.1.7}{Enregistrement des cl\351s publiques}{section.5.1}% 43
\BOOKMARK [1][-]{section.5.2}{Impl\351mentation cl\351s de chiffrement}{chapter.5}% 44
\BOOKMARK [2][-]{subsection.5.2.1}{D\351roulement POC}{section.5.2}% 45
\BOOKMARK [0][-]{chapter.6}{Conclusion}{}% 46
\BOOKMARK [0][-]{chapter.6}{Bibliographie}{}% 47
\BOOKMARK [0][-]{appendix.A}{Outils utilis\351s pour la compilation}{}% 48
\BOOKMARK [1][-]{section.A.1}{RELIC Toolkit}{appendix.A}% 49
\BOOKMARK [1][-]{section.A.2}{Libsodium}{appendix.A}% 50
\BOOKMARK [0][-]{appendix.B}{Fichiers}{}% 51
\BOOKMARK [1][-]{section.B.1}{Code du POC}{appendix.B}% 52
\BOOKMARK [1][-]{section.B.2}{Tableaux comparatifs}{appendix.B}% 53
